<?xml version="1.0" encoding="UTF-8"?>
<testng-results ignored="0" total="4" passed="4" failed="0" skipped="0">
  <reporter-output>
  </reporter-output>
  <suite started-at="2026-08-08T16:51:55 IST" name="Surefire suite" finished-at="2026-08-08T16:52:14 IST" duration-ms="18649">
    <groups>
      <group name="cucumber">
        <method signature="AbstractTestNGCucumberTests.runScenario(io.cucumber.testng.PickleWrapper,io.cucumber.testng.FeatureWrapper)[pri:0, instance:com.restassuredcucumberframework.cucumber.Options.testRunner@60611244]" name="runScenario" class="io.cucumber.testng.AbstractTestNGCucumberTests"/>
      </group> <!-- cucumber -->
    </groups>
    <test started-at="2026-08-08T16:51:55 IST" name="Surefire test" finished-at="2026-08-08T16:52:14 IST" duration-ms="18649">
      <class name="com.restassuredcucumberframework.cucumber.Options.testRunner">
        <test-method is-config="true" signature="setUpClass(org.testng.ITestContext)[pri:0, instance:com.restassuredcucumberframework.cucumber.Options.testRunner@60611244]" started-at="2026-08-08T16:51:55 IST" name="setUpClass" finished-at="2026-08-08T16:51:56 IST" duration-ms="412" status="PASS">
          <params>
            <param index="0">
              <value>
                <![CDATA[org.testng.TestRunner@338d47b]]>
              </value>
            </param>
          </params>
          <reporter-output>
          </reporter-output>
        </test-method> <!-- setUpClass -->
        <test-method signature="runScenario(io.cucumber.testng.PickleWrapper,io.cucumber.testng.FeatureWrapper)[pri:0, instance:com.restassuredcucumberframework.cucumber.Options.testRunner@60611244]" started-at="2026-08-08T16:51:56 IST" name="runScenario" description="Runs Cucumber Scenarios" data-provider="scenarios" finished-at="2026-08-08T16:52:02 IST" duration-ms="6680" status="PASS">
          <params>
            <param index="0">
              <value>
                <![CDATA["verify if places being successfully added using the Add place API"]]>
              </value>
            </param>
            <param index="1">
              <value>
                <![CDATA["Place Validations APIs"]]>
              </value>
            </param>
          </params>
          <reporter-output>
          </reporter-output>
        </test-method> <!-- runScenario -->
        <test-method signature="runScenario(io.cucumber.testng.PickleWrapper,io.cucumber.testng.FeatureWrapper)[pri:0, instance:com.restassuredcucumberframework.cucumber.Options.testRunner@60611244]" started-at="2026-08-08T16:52:02 IST" name="runScenario" description="Runs Cucumber Scenarios" data-provider="scenarios" finished-at="2026-08-08T16:52:05 IST" duration-ms="2961" status="PASS">
          <params>
            <param index="0">
              <value>
                <![CDATA["verify if places being successfully added using the Add place API"]]>
              </value>
            </param>
            <param index="1">
              <value>
                <![CDATA["Place Validations APIs"]]>
              </value>
            </param>
          </params>
          <reporter-output>
          </reporter-output>
        </test-method> <!-- runScenario -->
        <test-method signature="runScenario(io.cucumber.testng.PickleWrapper,io.cucumber.testng.FeatureWrapper)[pri:0, instance:com.restassuredcucumberframework.cucumber.Options.testRunner@60611244]" started-at="2026-08-08T16:52:05 IST" name="runScenario" description="Runs Cucumber Scenarios" data-provider="scenarios" finished-at="2026-08-08T16:52:10 IST" duration-ms="4560" status="PASS">
          <params>
            <param index="0">
              <value>
                <![CDATA["verify if places being successfully added using the Add place API"]]>
              </value>
            </param>
            <param index="1">
              <value>
                <![CDATA["Place Validations APIs"]]>
              </value>
            </param>
          </params>
          <reporter-output>
          </reporter-output>
        </test-method> <!-- runScenario -->
        <test-method signature="runScenario(io.cucumber.testng.PickleWrapper,io.cucumber.testng.FeatureWrapper)[pri:0, instance:com.restassuredcucumberframework.cucumber.Options.testRunner@60611244]" started-at="2026-08-08T16:52:10 IST" name="runScenario" description="Runs Cucumber Scenarios" data-provider="scenarios" finished-at="2026-08-08T16:52:13 IST" duration-ms="3435" status="PASS">
          <params>
            <param index="0">
              <value>
                <![CDATA["verify delete place api is working fine"]]>
              </value>
            </param>
            <param index="1">
              <value>
                <![CDATA["Place Validations APIs"]]>
              </value>
            </param>
          </params>
          <reporter-output>
          </reporter-output>
        </test-method> <!-- runScenario -->
        <test-method is-config="true" signature="tearDownClass()[pri:0, instance:com.restassuredcucumberframework.cucumber.Options.testRunner@60611244]" started-at="2026-08-08T16:52:13 IST" name="tearDownClass" finished-at="2026-08-08T16:52:14 IST" duration-ms="546" status="PASS">
          <reporter-output>
          </reporter-output>
        </test-method> <!-- tearDownClass -->
      </class> <!-- com.restassuredcucumberframework.cucumber.Options.testRunner -->
    </test> <!-- Surefire test -->
  </suite> <!-- Surefire suite -->
</testng-results>
