<?xml version="1.0" encoding="UTF-8"?>
<!-- Generated by org.testng.reporters.JUnitReportReporter -->
<testsuite hostname="Leelavathi" failures="0" tests="4" name="com.restassuredcucumberframework.cucumber.Options.testRunner" time="14.499" errors="0" timestamp="2026-08-08T22:22:11 IST" skipped="0">
  <testcase classname="com.restassuredcucumberframework.cucumber.Options.testRunner" name="runScenario" time="2.683"/>
  <testcase classname="com.restassuredcucumberframework.cucumber.Options.testRunner" name="runScenario" time="5.170"/>
  <testcase classname="com.restassuredcucumberframework.cucumber.Options.testRunner" name="runScenario" time="3.129"/>
  <testcase classname="com.restassuredcucumberframework.cucumber.Options.testRunner" name="runScenario" time="3.517"/>
</testsuite> <!-- com.restassuredcucumberframework.cucumber.Options.testRunner -->
