<?xml version="1.0" encoding="UTF-8"?>
<!-- Generated by org.testng.reporters.JUnitReportReporter -->
<testsuite hostname="Leelavathi" failures="0" tests="4" name="com.restassuredcucumberframework.cucumber.Options.testRunner" time="17.636" errors="0" timestamp="2026-08-08T16:52:14 IST" skipped="0">
  <testcase classname="com.restassuredcucumberframework.cucumber.Options.testRunner" name="runScenario" time="2.961"/>
  <testcase classname="com.restassuredcucumberframework.cucumber.Options.testRunner" name="runScenario" time="4.560"/>
  <testcase classname="com.restassuredcucumberframework.cucumber.Options.testRunner" name="runScenario" time="6.680"/>
  <testcase classname="com.restassuredcucumberframework.cucumber.Options.testRunner" name="runScenario" time="3.435"/>
</testsuite> <!-- com.restassuredcucumberframework.cucumber.Options.testRunner -->
