<?xml version="1.0" encoding="UTF-8"?>
<testsuite xmlns:xsi="http://www.w3.org/2001/XMLSchema-instance" xsi:noNamespaceSchemaLocation="https://maven.apache.org/surefire/maven-surefire-plugin/xsd/surefire-test-report.xsd" version="3.0.1" name="com.restassuredcucumberframework.cucumber.Options.testRunner" time="18.771" tests="4" errors="0" skipped="0" failures="0">
  <properties>
[...]
</properties>
  <testcase name="runScenario[&quot;verify if places being successfully added using the Add place API&quot;, &quot;Place Validations APIs&quot;](1)" classname="com.restassuredcucumberframework.cucumber.Options.testRunner" time="7.923">
    <system-out><![CDATA[https://rahulshettyacademy.com
POST -> maps/api/place/add/json
GET -> maps/api/place/get/json
]]></system-out>
    <system-err><![CDATA[SLF4J(W): No SLF4J providers were found.
SLF4J(W): Defaulting to no-operation (NOP) logger implementation
SLF4J(W): See https://www.slf4j.org/codes.html#noProviders for further details.
]]></system-err>
  </testcase>
  <testcase name="runScenario[&quot;verify if places being successfully added using the Add place API&quot;, &quot;Place Validations APIs&quot;](2)" classname="com.restassuredcucumberframework.cucumber.Options.testRunner" time="3.818">
    <system-out><![CDATA[POST -> maps/api/place/add/json
GET -> maps/api/place/get/json
]]></system-out>
  </testcase>
  <testcase name="runScenario[&quot;verify if places being successfully added using the Add place API&quot;, &quot;Place Validations APIs&quot;](3)" classname="com.restassuredcucumberframework.cucumber.Options.testRunner" time="2.81">
    <system-out><![CDATA[POST -> maps/api/place/add/json
GET -> maps/api/place/get/json
]]></system-out>
  </testcase>
  <testcase name="runScenario[&quot;verify delete place api is working fine&quot;, &quot;Place Validations APIs&quot;](4)" classname="com.restassuredcucumberframework.cucumber.Options.testRunner" time="3.254">
    <system-out><![CDATA[Before Scenario
DELETE -> maps/api/place/delete/json
Request method:	DELETE
Request URI:	https://rahulshettyacademy.com/maps/api/place/delete/json?key=qaclick123
Proxy:			<none>
Request params:	<none>
Query params:	key=qaclick123
Form params:	<none>
Path params:	<none>
Headers:		Accept=*/*
				Content-Type=application/json
Cookies:		<none>
Multiparts:		<none>
Body:
{
    "place_id": "9fecfdb5ebd64c81c88c454fe164be1d"
}
]]></system-out>
  </testcase>
</testsuite>