<?xml version="1.0" encoding="UTF-8"?>
<testng-results ignored="0" total="4" passed="4" failed="0" skipped="0">
  <reporter-output>
  </reporter-output>
  <suite started-at="2026-08-09T14:24:23 IST" name="Surefire suite" finished-at="2026-08-09T14:24:41 IST" duration-ms="18336">
    <groups>
      <group name="cucumber">
        <method signature="AbstractTestNGCucumberTests.runScenario(io.cucumber.testng.PickleWrapper,io.cucumber.testng.FeatureWrapper)[pri:0, instance:com.restassuredcucumberframework.cucumber.Options.testRunner@60611244]" name="runScenario" class="io.cucumber.testng.AbstractTestNGCucumberTests"/>
      </group> <!-- cucumber -->
    </groups>
    <test started-at="2026-08-09T14:24:23 IST" name="Surefire test" finished-at="2026-08-09T14:24:41 IST" duration-ms="18336">
      <class name="com.restassuredcucumberframework.cucumber.Options.testRunner">
        <test-method is-config="true" signature="setUpClass(org.testng.ITestContext)[pri:0, instance:com.restassuredcucumberframework.cucumber.Options.testRunner@60611244]" started-at="2026-08-09T14:24:23 IST" name="setUpClass" finished-at="2026-08-09T14:24:23 IST" duration-ms="278" status="PASS">
          <params>
            <param index="0">
              <value>
                <![CDATA[org.testng.TestRunner@7e81617a]]>
              </value>
            </param>
          </params>
          <reporter-output>
          </reporter-output>
        </test-method> <!-- setUpClass -->
        <test-method signature="runScenario(io.cucumber.testng.PickleWrapper,io.cucumber.testng.FeatureWrapper)[pri:0, instance:com.restassuredcucumberframework.cucumber.Options.testRunner@60611244]" started-at="2026-08-09T14:24:23 IST" name="runScenario" description="Runs Cucumber Scenarios" data-provider="scenarios" finished-at="2026-08-09T14:24:31 IST" duration-ms="7913" status="PASS">
          <params>
            <param index="0">
              <value>
                <![CDATA["verify if places being successfully added using the Add place API"]]>
              </value>
            </param>
            <param index="1">
              <value>
                <![CDATA["Place Validations APIs"]]>
              </value>
            </param>
          </params>
          <reporter-output>
          </reporter-output>
        </test-method> <!-- runScenario -->
        <test-method signature="runScenario(io.cucumber.testng.PickleWrapper,io.cucumber.testng.FeatureWrapper)[pri:0, instance:com.restassuredcucumberframework.cucumber.Options.testRunner@60611244]" started-at="2026-08-09T14:24:31 IST" name="runScenario" description="Runs Cucumber Scenarios" data-provider="scenarios" finished-at="2026-08-09T14:24:35 IST" duration-ms="3824" status="PASS">
          <params>
            <param index="0">
              <value>
                <![CDATA["verify if places being successfully added using the Add place API"]]>
              </value>
            </param>
            <param index="1">
              <value>
                <![CDATA["Place Validations APIs"]]>
              </value>
            </param>
          </params>
          <reporter-output>
          </reporter-output>
        </test-method> <!-- runScenario -->
        <test-method signature="runScenario(io.cucumber.testng.PickleWrapper,io.cucumber.testng.FeatureWrapper)[pri:0, instance:com.restassuredcucumberframework.cucumber.Options.testRunner@60611244]" started-at="2026-08-09T14:24:35 IST" name="runScenario" description="Runs Cucumber Scenarios" data-provider="scenarios" finished-at="2026-08-09T14:24:37 IST" duration-ms="2815" status="PASS">
          <params>
            <param index="0">
              <value>
                <![CDATA["verify if places being successfully added using the Add place API"]]>
              </value>
            </param>
            <param index="1">
              <value>
                <![CDATA["Place Validations APIs"]]>
              </value>
            </param>
          </params>
          <reporter-output>
          </reporter-output>
        </test-method> <!-- runScenario -->
        <test-method signature="runScenario(io.cucumber.testng.PickleWrapper,io.cucumber.testng.FeatureWrapper)[pri:0, instance:com.restassuredcucumberframework.cucumber.Options.testRunner@60611244]" started-at="2026-08-09T14:24:37 IST" name="runScenario" description="Runs Cucumber Scenarios" data-provider="scenarios" finished-at="2026-08-09T14:24:41 IST" duration-ms="3264" status="PASS">
          <params>
            <param index="0">
              <value>
                <![CDATA["verify delete place api is working fine"]]>
              </value>
            </param>
            <param index="1">
              <value>
                <![CDATA["Place Validations APIs"]]>
              </value>
            </param>
          </params>
          <reporter-output>
          </reporter-output>
        </test-method> <!-- runScenario -->
        <test-method is-config="true" signature="tearDownClass()[pri:0, instance:com.restassuredcucumberframework.cucumber.Options.testRunner@60611244]" started-at="2026-08-09T14:24:41 IST" name="tearDownClass" finished-at="2026-08-09T14:24:41 IST" duration-ms="191" status="PASS">
          <reporter-output>
          </reporter-output>
        </test-method> <!-- tearDownClass -->
      </class> <!-- com.restassuredcucumberframework.cucumber.Options.testRunner -->
    </test> <!-- Surefire test -->
  </suite> <!-- Surefire suite -->
</testng-results>
