<?xml version="1.0" encoding="UTF-8"?>
<!-- Generated by org.testng.reporters.JUnitReportReporter -->
<testsuite hostname="Leelavathi" failures="0" tests="4" name="com.restassuredcucumberframework.cucumber.Options.testRunner" time="17.816" errors="0" timestamp="2026-08-09T14:24:41 IST" skipped="0">
  <testcase classname="com.restassuredcucumberframework.cucumber.Options.testRunner" name="runScenario" time="3.824"/>
  <testcase classname="com.restassuredcucumberframework.cucumber.Options.testRunner" name="runScenario" time="3.264"/>
  <testcase classname="com.restassuredcucumberframework.cucumber.Options.testRunner" name="runScenario" time="7.913"/>
  <testcase classname="com.restassuredcucumberframework.cucumber.Options.testRunner" name="runScenario" time="2.815"/>
</testsuite> <!-- com.restassuredcucumberframework.cucumber.Options.testRunner -->
